Log file open, 08/17/21 20:18:28
LogInit: Display: Running engine for game: TheStoneNewAdventure
LogPlatformFile: Not using cached read wrapper
LogTaskGraph: Started task graph with 5 named threads and 14 total threads with 3 sets of task threads.
LogStats: Stats thread started at 0.564678
LogD3D11RHI: Loaded GFSDK_Aftermath_Lib.x64.dll
LogICUInternationalization: ICU TimeZone Detection - Raw Offset: +9:00, Platform Override: ''
LogPluginManager: Mounting plugin Paper2D
LogPluginManager: Mounting plugin AISupport
LogPluginManager: Mounting plugin LightPropagationVolume
LogPluginManager: Mounting plugin CameraShakePreviewer
LogPluginManager: Mounting plugin ActorLayerUtilities
LogPluginManager: Mounting plugin AnimationSharing
LogPluginManager: Mounting plugin CLionSourceCodeAccess
LogPluginManager: Mounting plugin CodeLiteSourceCodeAccess
LogPluginManager: Mounting plugin GitSourceControl
LogPluginManager: Mounting plugin KDevelopSourceCodeAccess
LogPluginManager: Mounting plugin NullSourceCodeAccess
LogPluginManager: Mounting plugin PerforceSourceControl
LogPluginManager: Mounting plugin PlasticSourceControl
LogPluginManager: Mounting plugin RiderSourceCodeAccess
LogPluginManager: Mounting plugin SubversionSourceControl
LogPluginManager: Mounting plugin UObjectPlugin
LogPluginManager: Mounting plugin VisualStudioCodeSourceCodeAccess
LogPluginManager: Mounting plugin VisualStudioSourceCodeAccess
LogPluginManager: Mounting plugin XCodeSourceCodeAccess
LogPluginManager: Mounting plugin AssetManagerEditor
LogPluginManager: Mounting plugin CryptoKeys
LogPluginManager: Mounting plugin CurveEditorTools
LogPluginManager: Mounting plugin DataValidation
LogPluginManager: Mounting plugin EditorScriptingUtilities
LogPluginManager: Mounting plugin FacialAnimation
LogPluginManager: Mounting plugin GameplayTagsEditor
LogPluginManager: Mounting plugin GeometryMode
LogPluginManager: Mounting plugin MacGraphicsSwitching
LogPluginManager: Mounting plugin MaterialAnalyzer
LogPluginManager: Mounting plugin MobileLauncherProfileWizard
LogPluginManager: Mounting plugin PluginBrowser
LogPluginManager: Mounting plugin SpeedTreeImporter
LogPluginManager: Mounting plugin DatasmithContent
LogPluginManager: Mounting plugin VariantManagerContent
LogPluginManager: Mounting plugin AlembicImporter
LogPluginManager: Mounting plugin AutomationUtils
LogPluginManager: Mounting plugin BackChannel
LogPluginManager: Mounting plugin ChaosCloth
LogPluginManager: Mounting plugin ChaosClothEditor
LogPluginManager: Mounting plugin ChaosEditor
LogPluginManager: Mounting plugin ChaosNiagara
LogPluginManager: Mounting plugin ChaosSolverPlugin
LogPluginManager: Mounting plugin CharacterAI
LogPluginManager: Mounting plugin GeometryCache
LogPluginManager: Mounting plugin GeometryCollectionPlugin
LogPluginManager: Mounting plugin GeometryProcessing
LogPluginManager: Mounting plugin PlanarCut
LogPluginManager: Mounting plugin PlatformCrypto
LogPluginManager: Mounting plugin ProxyLODPlugin
LogPluginManager: Mounting plugin SkeletalReduction
LogPluginManager: Mounting plugin Niagara
LogPluginManager: Mounting plugin MagicLeap
LogPluginManager: Mounting plugin MagicLeapLightEstimation
LogPluginManager: Mounting plugin MagicLeapMedia
LogPluginManager: Mounting plugin MagicLeapPassableWorld
LogPluginManager: Mounting plugin MLSDK
LogPluginManager: Mounting plugin BlockoutToolsPlugin
LogPluginManager: Mounting plugin AndroidMedia
LogPluginManager: Mounting plugin AvfMedia
LogPluginManager: Mounting plugin ImgMedia
LogPluginManager: Mounting plugin MediaCompositing
LogPluginManager: Mounting plugin MediaPlayerEditor
LogPluginManager: Mounting plugin WebMMedia
LogPluginManager: Mounting plugin WmfMedia
LogPluginManager: Mounting plugin MeshPainting
LogPluginManager: Mounting plugin TcpMessaging
LogPluginManager: Mounting plugin UdpMessaging
LogPluginManager: Mounting plugin ActorSequence
LogPluginManager: Mounting plugin LevelSequenceEditor
LogPluginManager: Mounting plugin MatineeToLevelSequence
LogPluginManager: Mounting plugin MovieRenderPipeline
LogPluginManager: Mounting plugin TemplateSequence
LogPluginManager: Mounting plugin NetcodeUnitTest
LogPluginManager: Mounting plugin NUTUnrealEngine4
LogPluginManager: Mounting plugin OnlineSubsystemGooglePlay
LogPluginManager: Mounting plugin OnlineSubsystemIOS
LogPluginManager: Mounting plugin OnlineSubsystem
LogPluginManager: Mounting plugin OnlineSubsystemNull
LogPluginManager: Mounting plugin OnlineSubsystemUtils
LogPluginManager: Mounting plugin LauncherChunkInstaller
LogPluginManager: Mounting plugin AndroidDeviceProfileSelector
LogPluginManager: Mounting plugin AndroidMoviePlayer
LogPluginManager: Mounting plugin AndroidPermission
LogPluginManager: Mounting plugin AppleImageUtils
LogPluginManager: Mounting plugin AppleMoviePlayer
LogPluginManager: Mounting plugin ArchVisCharacter
LogPluginManager: Mounting plugin AssetTags
LogPluginManager: Mounting plugin AudioCapture
LogPluginManager: Mounting plugin CableComponent
LogPluginManager: Mounting plugin CustomMeshComponent
LogPluginManager: Mounting plugin EditableMesh
LogPluginManager: Mounting plugin ExampleDeviceProfileSelector
LogPluginManager: Mounting plugin GoogleCloudMessaging
LogPluginManager: Mounting plugin GooglePAD
LogPluginManager: Mounting plugin IOSDeviceProfileSelector
LogPluginManager: Mounting plugin LinuxDeviceProfileSelector
LogPluginManager: Mounting plugin LocationServicesBPLibrary
LogPluginManager: Mounting plugin MobilePatchingUtils
LogPluginManager: Mounting plugin OculusVR
LogPluginManager: Mounting plugin PhysXVehicles
LogPluginManager: Mounting plugin PostSplashScreen
LogPluginManager: Mounting plugin ProceduralMeshComponent
LogPluginManager: Mounting plugin RuntimePhysXCooking
LogPluginManager: Mounting plugin SignificanceManager
LogPluginManager: Mounting plugin SoundFields
LogPluginManager: Mounting plugin SteamVR
LogPluginManager: Mounting plugin Synthesis
LogPluginManager: Mounting plugin WebMMoviePlayer
LogPluginManager: Mounting plugin WindowsMoviePlayer
LogPluginManager: Mounting plugin ScreenshotTools
LogInit: Using libcurl 7.55.1-DEV
LogInit:  - built for x86_64-pc-win32
LogInit:  - supports SSL with OpenSSL/1.1.1
LogInit:  - supports HTTP deflate (compression) using libz 1.2.8
LogInit:  - other features:
LogInit:      CURL_VERSION_SSL
LogInit:      CURL_VERSION_LIBZ
LogInit:      CURL_VERSION_IPV6
LogInit:      CURL_VERSION_ASYNCHDNS
LogInit:      CURL_VERSION_LARGEFILE
LogInit:      CURL_VERSION_IDN
LogInit:  CurlRequestOptions (configurable via config and command line):
LogInit:  - bVerifyPeer = true  - Libcurl will verify peer certificate
LogInit:  - bUseHttpProxy = false  - Libcurl will NOT use HTTP proxy
LogInit:  - bDontReuseConnections = false  - Libcurl will reuse connections
LogInit:  - MaxHostConnections = 16  - Libcurl will limit the number of connections to a host
LogInit:  - LocalHostAddr = Default
LogInit:  - BufferSize = 65536
LogOnline: OSS: Creating online subsystem instance for: NULL
LogInit: WinSock: version 1.1 (2.2), MaxSocks=32767, MaxUdp=65467
LogOnline: OSS: TryLoadSubsystemAndSetDefault: Loaded subsystem for module [NULL]
LogInit: Build: ++UE4+Release-4.25-CL-14469661
LogInit: Engine Version: 4.25.4-14469661+++UE4+Release-4.25
LogInit: Compatible Engine Version: 4.25.0-13144385+++UE4+Release-4.25
LogInit: Net CL: 13144385
LogInit: OS: Windows 10 (Release 2009) (), CPU: Intel(R) Core(TM) i5-7300HQ CPU @ 2.50GHz, GPU: Intel(R) HD Graphics 630
LogInit: Compiled (64-bit): Oct 11 2020 08:10:49
LogInit: Compiled with Visual C++: 19.24.28315.00
LogInit: Build Configuration: Development
LogInit: Branch Name: ++UE4+Release-4.25
LogInit: Command Line:  -EpicPortal -epicusername="Shinging Star" -epicuserid=7fcd3065dbe74d018cef09b9f638d8fb -epiclocale=ko
LogInit: Base Directory: C:/Program Files/Epic Games/UE_4.25/Engine/Binaries/Win64/
LogInit: Allocator: TBB
LogInit: Installed Engine Build: 1
LogDevObjectVersion: Number of dev versions registered: 26
LogDevObjectVersion:   Dev-Blueprints (B0D832E4-1F89-4F0D-ACCF-7EB736FD4AA2): 10
LogDevObjectVersion:   Dev-Build (E1C64328-A22C-4D53-A36C-8E866417BD8C): 0
LogDevObjectVersion:   Dev-Core (375EC13C-06E4-48FB-B500-84F0262A717E): 4
LogDevObjectVersion:   Dev-Editor (E4B068ED-F494-42E9-A231-DA0B2E46BB41): 38
LogDevObjectVersion:   Dev-Framework (CFFC743F-43B0-4480-9391-14DF171D2073): 37
LogDevObjectVersion:   Dev-Mobile (B02B49B5-BB20-44E9-A304-32B752E40360): 2
LogDevObjectVersion:   Dev-Networking (A4E4105C-59A1-49B5-A7C5-40C4547EDFEE): 0
LogDevObjectVersion:   Dev-Online (39C831C9-5AE6-47DC-9A44-9C173E1C8E7C): 0
LogDevObjectVersion:   Dev-Physics (78F01B33-EBEA-4F98-B9B4-84EACCB95AA2): 4
LogDevObjectVersion:   Dev-Platform (6631380F-2D4D-43E0-8009-CF276956A95A): 0
LogDevObjectVersion:   Dev-Rendering (12F88B9F-8875-4AFC-A67C-D90C383ABD29): 43
LogDevObjectVersion:   Dev-Sequencer (7B5AE74C-D270-4C10-A958-57980B212A5A): 12
LogDevObjectVersion:   Dev-VR (D7296918-1DD6-4BDD-9DE2-64A83CC13884): 3
LogDevObjectVersion:   Dev-LoadTimes (C2A15278-BFE7-4AFE-6C17-90FF531DF755): 1
LogDevObjectVersion:   Private-Geometry (6EACA3D4-40EC-4CC1-B786-8BED09428FC5): 3
LogDevObjectVersion:   Dev-AnimPhys (29E575DD-E0A3-4627-9D10-D276232CDCEA): 17
LogDevObjectVersion:   Dev-Anim (AF43A65D-7FD3-4947-9873-3E8ED9C1BB05): 7
LogDevObjectVersion:   Dev-ReflectionCapture (6B266CEC-1EC7-4B8F-A30B-E4D90942FC07): 1
LogDevObjectVersion:   Dev-Automation (0DF73D61-A23F-47EA-B727-89E90C41499A): 1
LogDevObjectVersion:   FortniteMain (601D1886-AC64-4F84-AA16-D3DE0DEAC7D6): 31
LogDevObjectVersion:   Dev-Enterprise (9DFFBCD6-494F-0158-E221-12823C92A888): 10
LogDevObjectVersion:   Dev-Niagara (F2AED0AC-9AFE-416F-8664-AA7FFA26D6FC): 1
LogDevObjectVersion:   Dev-Destruction (174F1F0B-B4C6-45A5-B13F-2EE8D0FB917D): 10
LogDevObjectVersion:   Dev-Physics-Ext (35F94A83-E258-406C-A318-09F59610247C): 37
LogDevObjectVersion:   Dev-PhysicsMaterial-Chaos (B68FC16E-8B1B-42E2-B453-215C058844FE): 1
LogDevObjectVersion:   Dev-CineCamera (B2E18506-4273-CFC2-A54E-F4BB758BBA07): 1
LogInit: Presizing for max 25165824 objects, including 0 objects not considered by GC, pre-allocating 0 bytes for permanent pool.
LogConfig: Applying CVar settings from Section [/Script/Engine.StreamingSettings] File [C:/Users/happl/OneDrive/Documents/GitHub/TheStone_NewAdventure/Project/TheStoneNewAdventure/Saved/Config/Windows/Engine.ini]
LogConfig: Setting CVar [[s.MinBulkDataSizeForAsyncLoading:131072]]
LogConfig: Setting CVar [[s.AsyncLoadingThreadEnabled:0]]
LogConfig: Setting CVar [[s.EventDrivenLoaderEnabled:1]]
LogConfig: Setting CVar [[s.WarnIfTimeLimitExceeded:0]]
LogConfig: Setting CVar [[s.TimeLimitExceededMultiplier:1.5]]
LogConfig: Setting CVar [[s.TimeLimitExceededMinTime:0.005]]
LogConfig: Setting CVar [[s.UseBackgroundLevelStreaming:1]]
LogConfig: Setting CVar [[s.PriorityAsyncLoadingExtraTime:15.0]]
LogConfig: Setting CVar [[s.LevelStreamingActorsUpdateTimeLimit:5.0]]
LogConfig: Setting CVar [[s.PriorityLevelStreamingActorsUpdateExtraTime:5.0]]
LogConfig: Setting CVar [[s.LevelStreamingComponentsRegistrationGranularity:10]]
LogConfig: Setting CVar [[s.UnregisterComponentsTimeLimit:1.0]]
LogConfig: Setting CVar [[s.LevelStreamingComponentsUnregistrationGranularity:5]]
LogConfig: Setting CVar [[s.FlushStreamingOnExit:1]]
LogInit: Object subsystem initialized
LogConfig: Setting CVar [[con.DebugEarlyDefault:1]]
LogConfig: Setting CVar [[r.setres:1280x720]]
[2021.08.17-11.18.28:784][  0]LogConfig: Setting CVar [[r.VSync:0]]
[2021.08.17-11.18.28:784][  0]LogConfig: Setting CVar [[r.RHICmdBypass:0]]
[2021.08.17-11.18.28:784][  0]LogConfig: Applying CVar settings from Section [/Script/Engine.RendererSettings] File [C:/Users/happl/OneDrive/Documents/GitHub/TheStone_NewAdventure/Project/TheStoneNewAdventure/Saved/Config/Windows/Engine.ini]
[2021.08.17-11.18.28:784][  0]LogConfig: Setting CVar [[r.GPUCrashDebugging:0]]
[2021.08.17-11.18.28:784][  0]LogConfig: Applying CVar settings from Section [/Script/Engine.RendererOverrideSettings] File [C:/Users/happl/OneDrive/Documents/GitHub/TheStone_NewAdventure/Project/TheStoneNewAdventure/Saved/Config/Windows/Engine.ini]
[2021.08.17-11.18.28:784][  0]LogConfig: Applying CVar settings from Section [/Script/Engine.StreamingSettings] File [C:/Users/happl/OneDrive/Documents/GitHub/TheStone_NewAdventure/Project/TheStoneNewAdventure/Saved/Config/Windows/Engine.ini]
[2021.08.17-11.18.28:784][  0]LogConfig: Setting CVar [[s.MinBulkDataSizeForAsyncLoading:131072]]
[2021.08.17-11.18.28:784][  0]LogConfig: Setting CVar [[s.AsyncLoadingThreadEnabled:0]]
[2021.08.17-11.18.28:784][  0]LogConfig: Setting CVar [[s.EventDrivenLoaderEnabled:1]]
[2021.08.17-11.18.28:784][  0]LogConfig: Setting CVar [[s.WarnIfTimeLimitExceeded:0]]
[2021.08.17-11.18.28:784][  0]LogConfig: Setting CVar [[s.TimeLimitExceededMultiplier:1.5]]
[2021.08.17-11.18.28:784][  0]LogConfig: Setting CVar [[s.TimeLimitExceededMinTime:0.005]]
[2021.08.17-11.18.28:784][  0]LogConfig: Setting CVar [[s.UseBackgroundLevelStreaming:1]]
[2021.08.17-11.18.28:784][  0]LogConfig: Setting CVar [[s.PriorityAsyncLoadingExtraTime:15.0]]
[2021.08.17-11.18.28:784][  0]LogConfig: Setting CVar [[s.LevelStreamingActorsUpdateTimeLimit:5.0]]
[2021.08.17-11.18.28:784][  0]LogConfig: Setting CVar [[s.PriorityLevelStreamingActorsUpdateExtraTime:5.0]]
[2021.08.17-11.18.28:784][  0]LogConfig: Setting CVar [[s.LevelStreamingComponentsRegistrationGranularity:10]]
[2021.08.17-11.18.28:784][  0]LogConfig: Setting CVar [[s.UnregisterComponentsTimeLimit:1.0]]
[2021.08.17-11.18.28:784][  0]LogConfig: Setting CVar [[s.LevelStreamingComponentsUnregistrationGranularity:5]]
[2021.08.17-11.18.28:784][  0]LogConfig: Setting CVar [[s.FlushStreamingOnExit:1]]
[2021.08.17-11.18.28:784][  0]LogConfig: Applying CVar settings from Section [/Script/Engine.GarbageCollectionSettings] File [C:/Users/happl/OneDrive/Documents/GitHub/TheStone_NewAdventure/Project/TheStoneNewAdventure/Saved/Config/Windows/Engine.ini]
[2021.08.17-11.18.28:784][  0]LogConfig: Setting CVar [[gc.MaxObjectsNotConsideredByGC:1]]
[2021.08.17-11.18.28:784][  0]LogConfig: Setting CVar [[gc.SizeOfPermanentObjectPool:0]]
[2021.08.17-11.18.28:784][  0]LogConfig: Setting CVar [[gc.FlushStreamingOnGC:0]]
[2021.08.17-11.18.28:784][  0]LogConfig: Setting CVar [[gc.NumRetriesBeforeForcingGC:10]]
[2021.08.17-11.18.28:784][  0]LogConfig: Setting CVar [[gc.AllowParallelGC:1]]
[2021.08.17-11.18.28:784][  0]LogConfig: Setting CVar [[gc.TimeBetweenPurgingPendingKillObjects:61.1]]
[2021.08.17-11.18.28:784][  0]LogConfig: Setting CVar [[gc.MaxObjectsInEditor:25165824]]
[2021.08.17-11.18.28:784][  0]LogConfig: Setting CVar [[gc.IncrementalBeginDestroyEnabled:1]]
[2021.08.17-11.18.28:784][  0]LogConfig: Setting CVar [[gc.CreateGCClusters:1]]
[2021.08.17-11.18.28:784][  0]LogConfig: Setting CVar [[gc.MinGCClusterSize:5]]
[2021.08.17-11.18.28:784][  0]LogConfig: Setting CVar [[gc.ActorClusteringEnabled:0]]
[2021.08.17-11.18.28:784][  0]LogConfig: Setting CVar [[gc.BlueprintClusteringEnabled:0]]
[2021.08.17-11.18.28:784][  0]LogConfig: Setting CVar [[gc.UseDisregardForGCOnDedicatedServers:0]]
[2021.08.17-11.18.28:784][  0]LogConfig: Applying CVar settings from Section [/Script/Engine.NetworkSettings] File [C:/Users/happl/OneDrive/Documents/GitHub/TheStone_NewAdventure/Project/TheStoneNewAdventure/Saved/Config/Windows/Engine.ini]
[2021.08.17-11.18.28:784][  0]LogConfig: Applying CVar settings from Section [/Script/UnrealEd.CookerSettings] File [C:/Users/happl/OneDrive/Documents/GitHub/TheStone_NewAdventure/Project/TheStoneNewAdventure/Saved/Config/Windows/Engine.ini]
[2021.08.17-11.18.28:789][  0]LogConfig: Applying CVar settings from Section [ViewDistanceQuality@3] File [C:/Users/happl/OneDrive/Documents/GitHub/TheStone_NewAdventure/Project/TheStoneNewAdventure/Saved/Config/Windows/Scalability.ini]
[2021.08.17-11.18.28:789][  0]LogConfig: Setting CVar [[r.SkeletalMeshLODBias:0]]
[2021.08.17-11.18.28:789][  0]LogConfig: Setting CVar [[r.ViewDistanceScale:1.0]]
[2021.08.17-11.18.28:789][  0]LogConfig: Applying CVar settings from Section [AntiAliasingQuality@3] File [C:/Users/happl/OneDrive/Documents/GitHub/TheStone_NewAdventure/Project/TheStoneNewAdventure/Saved/Config/Windows/Scalability.ini]
[2021.08.17-11.18.28:789][  0]LogConfig: Setting CVar [[r.PostProcessAAQuality:4]]
[2021.08.17-11.18.28:789][  0]LogConfig: Applying CVar settings from Section [ShadowQuality@3] File [C:/Users/happl/OneDrive/Documents/GitHub/TheStone_NewAdventure/Project/TheStoneNewAdventure/Saved/Config/Windows/Scalability.ini]
[2021.08.17-11.18.28:789][  0]LogConfig: Setting CVar [[r.LightFunctionQuality:1]]
[2021.08.17-11.18.28:790][  0]LogConfig: Setting CVar [[r.ShadowQuality:5]]
[2021.08.17-11.18.28:790][  0]LogConfig: Setting CVar [[r.Shadow.CSM.MaxCascades:10]]
[2021.08.17-11.18.28:790][  0]LogConfig: Setting CVar [[r.Shadow.MaxResolution:2048]]
[2021.08.17-11.18.28:790][  0]LogConfig: Setting CVar [[r.Shadow.MaxCSMResolution:2048]]
[2021.08.17-11.18.28:790][  0]LogConfig: Setting CVar [[r.Shadow.RadiusThreshold:0.01]]
[2021.08.17-11.18.28:790][  0]LogConfig: Setting CVar [[r.Shadow.DistanceScale:1.0]]
[2021.08.17-11.18.28:790][  0]LogConfig: Setting CVar [[r.Shadow.CSM.TransitionScale:1.0]]
[2021.08.17-11.18.28:790][  0]LogConfig: Setting CVar [[r.Shadow.PreShadowResolutionFactor:1.0]]
[2021.08.17-11.18.28:790][  0]LogConfig: Setting CVar [[r.DistanceFieldShadowing:1]]
[2021.08.17-11.18.28:790][  0]LogConfig: Setting CVar [[r.DistanceFieldAO:1]]
[2021.08.17-11.18.28:790][  0]LogConfig: Setting CVar [[r.AOQuality:2]]
[2021.08.17-11.18.28:790][  0]LogConfig: Setting CVar [[r.VolumetricFog:1]]
[2021.08.17-11.18.28:790][  0]LogConfig: Setting CVar [[r.VolumetricFog.GridPixelSize:8]]
[2021.08.17-11.18.28:790][  0]LogConfig: Setting CVar [[r.VolumetricFog.GridSizeZ:128]]
[2021.08.17-11.18.28:790][  0]LogConfig: Setting CVar [[r.VolumetricFog.HistoryMissSupersampleCount:4]]
[2021.08.17-11.18.28:790][  0]LogConfig: Setting CVar [[r.LightMaxDrawDistanceScale:1]]
[2021.08.17-11.18.28:790][  0]LogConfig: Setting CVar [[r.CapsuleShadows:1]]
[2021.08.17-11.18.28:790][  0]LogConfig: Applying CVar settings from Section [PostProcessQuality@3] File [C:/Users/happl/OneDrive/Documents/GitHub/TheStone_NewAdventure/Project/TheStoneNewAdventure/Saved/Config/Windows/Scalability.ini]
[2021.08.17-11.18.28:790][  0]LogConfig: Setting CVar [[r.MotionBlurQuality:4]]
[2021.08.17-11.18.28:790][  0]LogConfig: Setting CVar [[r.AmbientOcclusionMipLevelFactor:0.4]]
[2021.08.17-11.18.28:790][  0]LogConfig: Setting CVar [[r.AmbientOcclusionMaxQuality:100]]
[2021.08.17-11.18.28:790][  0]LogConfig: Setting CVar [[r.AmbientOcclusionLevels:-1]]
[2021.08.17-11.18.28:790][  0]LogConfig: Setting CVar [[r.AmbientOcclusionRadiusScale:1.0]]
[2021.08.17-11.18.28:790][  0]LogConfig: Setting CVar [[r.DepthOfFieldQuality:2]]
[2021.08.17-11.18.28:790][  0]LogConfig: Setting CVar [[r.RenderTargetPoolMin:400]]
[2021.08.17-11.18.28:790][  0]LogConfig: Setting CVar [[r.LensFlareQuality:2]]
[2021.08.17-11.18.28:790][  0]LogConfig: Setting CVar [[r.SceneColorFringeQuality:1]]
[2021.08.17-11.18.28:790][  0]LogConfig: Setting CVar [[r.EyeAdaptationQuality:2]]
[2021.08.17-11.18.28:790][  0]LogConfig: Setting CVar [[r.BloomQuality:5]]
[2021.08.17-11.18.28:790][  0]LogConfig: Setting CVar [[r.FastBlurThreshold:100]]
[2021.08.17-11.18.28:790][  0]LogConfig: Setting CVar [[r.Upscale.Quality:3]]
[2021.08.17-11.18.28:790][  0]LogConfig: Setting CVar [[r.Tonemapper.GrainQuantization:1]]
[2021.08.17-11.18.28:790][  0]LogConfig: Setting CVar [[r.LightShaftQuality:1]]
[2021.08.17-11.18.28:790][  0]LogConfig: Setting CVar [[r.Filter.SizeScale:1]]
[2021.08.17-11.18.28:790][  0]LogConfig: Setting CVar [[r.Tonemapper.Quality:5]]
[2021.08.17-11.18.28:790][  0]LogConfig: Setting CVar [[r.DOF.Gather.AccumulatorQuality:1        ; higher gathering accumulator quality]]
[2021.08.17-11.18.28:790][  0]LogConfig: Setting CVar [[r.DOF.Gather.PostfilterMethod:1          ; Median3x3 postfilering method]]
[2021.08.17-11.18.28:790][  0]LogConfig: Setting CVar [[r.DOF.Gather.EnableBokehSettings:0       ; no bokeh simulation when gathering]]
[2021.08.17-11.18.28:790][  0]LogConfig: Setting CVar [[r.DOF.Gather.RingCount:4                 ; medium number of samples when gathering]]
[2021.08.17-11.18.28:790][  0]LogConfig: Setting CVar [[r.DOF.Scatter.ForegroundCompositing:1    ; additive foreground scattering]]
[2021.08.17-11.18.28:790][  0]LogConfig: Setting CVar [[r.DOF.Scatter.BackgroundCompositing:2    ; additive background scattering]]
[2021.08.17-11.18.28:790][  0]LogConfig: Setting CVar [[r.DOF.Scatter.EnableBokehSettings:1      ; bokeh simulation when scattering]]
[2021.08.17-11.18.28:790][  0]LogConfig: Setting CVar [[r.DOF.Scatter.MaxSpriteRatio:0.1         ; only a maximum of 10% of scattered bokeh]]
[2021.08.17-11.18.28:790][  0]LogConfig: Setting CVar [[r.DOF.Recombine.Quality:1                ; cheap slight out of focus]]
[2021.08.17-11.18.28:790][  0]LogConfig: Setting CVar [[r.DOF.Recombine.EnableBokehSettings:0    ; no bokeh simulation on slight out of focus]]
[2021.08.17-11.18.28:790][  0]LogConfig: Setting CVar [[r.DOF.TemporalAAQuality:1                ; more stable temporal accumulation]]
[2021.08.17-11.18.28:790][  0]LogConfig: Setting CVar [[r.DOF.Kernel.MaxForegroundRadius:0.025]]
[2021.08.17-11.18.28:790][  0]LogConfig: Setting CVar [[r.DOF.Kernel.MaxBackgroundRadius:0.025]]
[2021.08.17-11.18.28:790][  0]LogConfig: Applying CVar settings from Section [TextureQuality@3] File [C:/Users/happl/OneDrive/Documents/GitHub/TheStone_NewAdventure/Project/TheStoneNewAdventure/Saved/Config/Windows/Scalability.ini]
[2021.08.17-11.18.28:790][  0]LogConfig: Setting CVar [[r.Streaming.MipBias:0]]
[2021.08.17-11.18.28:790][  0]LogConfig: Setting CVar [[r.Streaming.AmortizeCPUToGPUCopy:0]]
[2021.08.17-11.18.28:790][  0]LogConfig: Setting CVar [[r.Streaming.MaxNumTexturesToStreamPerFrame:0]]
[2021.08.17-11.18.28:790][  0]LogConfig: Setting CVar [[r.Streaming.Boost:1]]
[2021.08.17-11.18.28:790][  0]LogConfig: Setting CVar [[r.MaxAnisotropy:8]]
[2021.08.17-11.18.28:790][  0]LogConfig: Setting CVar [[r.VT.MaxAnisotropy:8]]
[2021.08.17-11.18.28:790][  0]LogConfig: Setting CVar [[r.Streaming.LimitPoolSizeToVRAM:0]]
[2021.08.17-11.18.28:790][  0]LogConfig: Setting CVar [[r.Streaming.PoolSize:1000]]
[2021.08.17-11.18.28:790][  0]LogConfig: Setting CVar [[r.Streaming.MaxEffectiveScreenSize:0]]
[2021.08.17-11.18.28:790][  0]LogConfig: Applying CVar settings from Section [EffectsQuality@3] File [C:/Users/happl/OneDrive/Documents/GitHub/TheStone_NewAdventure/Project/TheStoneNewAdventure/Saved/Config/Windows/Scalability.ini]
[2021.08.17-11.18.28:790][  0]LogConfig: Setting CVar [[r.TranslucencyLightingVolumeDim:64]]
[2021.08.17-11.18.28:790][  0]LogConfig: Setting CVar [[r.RefractionQuality:2]]
[2021.08.17-11.18.28:790][  0]LogConfig: Setting CVar [[r.SSR.Quality:3]]
[2021.08.17-11.18.28:790][  0]LogConfig: Setting CVar [[r.SSR.HalfResSceneColor:0]]
[2021.08.17-11.18.28:790][  0]LogConfig: Setting CVar [[r.SceneColorFormat:4]]
[2021.08.17-11.18.28:791][  0]LogConfig: Setting CVar [[r.DetailMode:2]]
[2021.08.17-11.18.28:791][  0]LogConfig: Setting CVar [[r.TranslucencyVolumeBlur:1]]
[2021.08.17-11.18.28:791][  0]LogConfig: Setting CVar [[r.MaterialQualityLevel:1 ; High quality]]
[2021.08.17-11.18.28:791][  0]LogConfig: Setting CVar [[r.SSS.Scale:1]]
[2021.08.17-11.18.28:791][  0]LogConfig: Setting CVar [[r.SSS.SampleSet:2]]
[2021.08.17-11.18.28:791][  0]LogConfig: Setting CVar [[r.SSS.Quality:1]]
[2021.08.17-11.18.28:791][  0]LogConfig: Setting CVar [[r.SSS.HalfRes:0]]
[2021.08.17-11.18.28:791][  0]LogConfig: Setting CVar [[r.SSGI.Quality:3]]
[2021.08.17-11.18.28:791][  0]LogConfig: Setting CVar [[r.EmitterSpawnRateScale:1.0]]
[2021.08.17-11.18.28:791][  0]LogConfig: Setting CVar [[r.ParticleLightQuality:2]]
[2021.08.17-11.18.28:791][  0]LogConfig: Setting CVar [[r.SkyAtmosphere.AerialPerspectiveLUT.FastApplyOnOpaque:1 ; Always have FastSkyLUT 1 in this case to avoid wrong sky]]
[2021.08.17-11.18.28:791][  0]LogConfig: Setting CVar [[r.SkyAtmosphere.AerialPerspectiveLUT.SampleCountPerSlice:1]]
[2021.08.17-11.18.28:791][  0]LogConfig: Setting CVar [[r.SkyAtmosphere.AerialPerspectiveLUT.DepthResolution:16.0]]
[2021.08.17-11.18.28:791][  0]LogConfig: Setting CVar [[r.SkyAtmosphere.FastSkyLUT:1]]
[2021.08.17-11.18.28:791][  0]LogConfig: Setting CVar [[r.SkyAtmosphere.FastSkyLUT.SampleCountMin:4.0]]
[2021.08.17-11.18.28:791][  0]LogConfig: Setting CVar [[r.SkyAtmosphere.FastSkyLUT.SampleCountMax:32.0]]
[2021.08.17-11.18.28:791][  0]LogConfig: Setting CVar [[r.SkyAtmosphere.SampleCountMin:4.0]]
[2021.08.17-11.18.28:791][  0]LogConfig: Setting CVar [[r.SkyAtmosphere.SampleCountMax:32.0]]
[2021.08.17-11.18.28:791][  0]LogConfig: Setting CVar [[r.SkyAtmosphere.TransmittanceLUT.UseSmallFormat:0]]
[2021.08.17-11.18.28:791][  0]LogConfig: Setting CVar [[r.SkyAtmosphere.TransmittanceLUT.SampleCount:10.0]]
[2021.08.17-11.18.28:791][  0]LogConfig: Setting CVar [[r.SkyAtmosphere.MultiScatteringLUT.SampleCount:15.0]]
[2021.08.17-11.18.28:791][  0]LogConfig: Applying CVar settings from Section [FoliageQuality@3] File [C:/Users/happl/OneDrive/Documents/GitHub/TheStone_NewAdventure/Project/TheStoneNewAdventure/Saved/Config/Windows/Scalability.ini]
[2021.08.17-11.18.28:791][  0]LogConfig: Setting CVar [[foliage.DensityScale:1.0]]
[2021.08.17-11.18.28:791][  0]LogConfig: Setting CVar [[grass.DensityScale:1.0]]
[2021.08.17-11.18.28:791][  0]LogConfig: Applying CVar settings from Section [ShadingQuality@3] File [C:/Users/happl/OneDrive/Documents/GitHub/TheStone_NewAdventure/Project/TheStoneNewAdventure/Saved/Config/Windows/Scalability.ini]
[2021.08.17-11.18.28:791][  0]LogConfig: Setting CVar [[r.HairStrands.SkyLighting.SampleCount:16]]
[2021.08.17-11.18.28:791][  0]LogConfig: Setting CVar [[r.HairStrands.SkyLighting.JitterIntegration:0]]
[2021.08.17-11.18.28:791][  0]LogConfig: Setting CVar [[r.HairStrands.SkyAO.SampleCount:16]]
[2021.08.17-11.18.28:791][  0]LogConfig: Setting CVar [[r.HairStrands.DeepShadow.SuperSampling:0]]
[2021.08.17-11.18.28:791][  0]LogConfig: Setting CVar [[r.HairStrands.VisibilityPPLL:0]]
[2021.08.17-11.18.28:791][  0]LogConfig: Setting CVar [[r.HairStrands.RasterizationScale:0.5]]
[2021.08.17-11.18.28:791][  0]LogConfig: Setting CVar [[r.HairStrands.VelocityRasterizationScale:1]]
[2021.08.17-11.18.28:791][  0]LogInit: Selected Device Profile: [Windows]
[2021.08.17-11.18.28:791][  0]LogInit: Applying CVar settings loaded from the selected device profile: [Windows]
[2021.08.17-11.18.28:791][  0]LogHAL: Display: Platform has ~ 20 GB [21385142272 / 34359738368 / 20], which maps to Larger [LargestMinGB=32, LargerMinGB=12, DefaultMinGB=8, SmallerMinGB=6, SmallestMinGB=0)
[2021.08.17-11.18.28:791][  0]LogInit: Going up to parent DeviceProfile []
[2021.08.17-11.18.28:791][  0]LogConfig: Applying CVar settings from Section [ViewDistanceQuality@3] File [C:/Users/happl/OneDrive/Documents/GitHub/TheStone_NewAdventure/Project/TheStoneNewAdventure/Saved/Config/Windows/Scalability.ini]
[2021.08.17-11.18.28:791][  0]LogConfig: Setting CVar [[r.SkeletalMeshLODBias:0]]
[2021.08.17-11.18.28:791][  0]LogConfig: Setting CVar [[r.ViewDistanceScale:1.0]]
[2021.08.17-11.18.28:791][  0]LogConfig: Applying CVar settings from Section [AntiAliasingQuality@3] File [C:/Users/happl/OneDrive/Documents/GitHub/TheStone_NewAdventure/Project/TheStoneNewAdventure/Saved/Config/Windows/Scalability.ini]
[2021.08.17-11.18.28:791][  0]LogConfig: Setting CVar [[r.PostProcessAAQuality:4]]
[2021.08.17-11.18.28:791][  0]LogConfig: Applying CVar settings from Section [ShadowQuality@3] File [C:/Users/happl/OneDrive/Documents/GitHub/TheStone_NewAdventure/Project/TheStoneNewAdventure/Saved/Config/Windows/Scalability.ini]
[2021.08.17-11.18.28:791][  0]LogConfig: Setting CVar [[r.LightFunctionQuality:1]]
[2021.08.17-11.18.28:791][  0]LogConfig: Setting CVar [[r.ShadowQuality:5]]
[2021.08.17-11.18.28:791][  0]LogConfig: Setting CVar [[r.Shadow.CSM.MaxCascades:10]]
[2021.08.17-11.18.28:791][  0]LogConfig: Setting CVar [[r.Shadow.MaxResolution:2048]]
[2021.08.17-11.18.28:791][  0]LogConfig: Setting CVar [[r.Shadow.MaxCSMResolution:2048]]
[2021.08.17-11.18.28:791][  0]LogConfig: Setting CVar [[r.Shadow.RadiusThreshold:0.01]]
[2021.08.17-11.18.28:791][  0]LogConfig: Setting CVar [[r.Shadow.DistanceScale:1.0]]
[2021.08.17-11.18.28:791][  0]LogConfig: Setting CVar [[r.Shadow.CSM.TransitionScale:1.0]]
[2021.08.17-11.18.28:791][  0]LogConfig: Setting CVar [[r.Shadow.PreShadowResolutionFactor:1.0]]
[2021.08.17-11.18.28:791][  0]LogConfig: Setting CVar [[r.DistanceFieldShadowing:1]]
[2021.08.17-11.18.28:791][  0]LogConfig: Setting CVar [[r.DistanceFieldAO:1]]
[2021.08.17-11.18.28:791][  0]LogConfig: Setting CVar [[r.AOQuality:2]]
[2021.08.17-11.18.28:791][  0]LogConfig: Setting CVar [[r.VolumetricFog:1]]
[2021.08.17-11.18.28:791][  0]LogConfig: Setting CVar [[r.VolumetricFog.GridPixelSize:8]]
[2021.08.17-11.18.28:791][  0]LogConfig: Setting CVar [[r.VolumetricFog.GridSizeZ:128]]
[2021.08.17-11.18.28:792][  0]LogConfig: Setting CVar [[r.VolumetricFog.HistoryMissSupersampleCount:4]]
[2021.08.17-11.18.28:792][  0]LogConfig: Setting CVar [[r.LightMaxDrawDistanceScale:1]]
[2021.08.17-11.18.28:792][  0]LogConfig: Setting CVar [[r.CapsuleShadows:1]]
[2021.08.17-11.18.28:792][  0]LogConfig: Applying CVar settings from Section [PostProcessQuality@3] File [C:/Users/happl/OneDrive/Documents/GitHub/TheStone_NewAdventure/Project/TheStoneNewAdventure/Saved/Config/Windows/Scalability.ini]
[2021.08.17-11.18.28:792][  0]LogConfig: Setting CVar [[r.MotionBlurQuality:4]]
[2021.08.17-11.18.28:792][  0]LogConfig: Setting CVar [[r.AmbientOcclusionMipLevelFactor:0.4]]
[2021.08.17-11.18.28:792][  0]LogConfig: Setting CVar [[r.AmbientOcclusionMaxQuality:100]]
[2021.08.17-11.18.28:792][  0]LogConfig: Setting CVar [[r.AmbientOcclusionLevels:-1]]
[2021.08.17-11.18.28:792][  0]LogConfig: Setting CVar [[r.AmbientOcclusionRadiusScale:1.0]]
[2021.08.17-11.18.28:792][  0]LogConfig: Setting CVar [[r.DepthOfFieldQuality:2]]
[2021.08.17-11.18.28:792][  0]LogConfig: Setting CVar [[r.RenderTargetPoolMin:400]]
[2021.08.17-11.18.28:792][  0]LogConfig: Setting CVar [[r.LensFlareQuality:2]]
[2021.08.17-11.18.28:792][  0]LogConfig: Setting CVar [[r.SceneColorFringeQuality:1]]
[2021.08.17-11.18.28:792][  0]LogConfig: Setting CVar [[r.EyeAdaptationQuality:2]]
[2021.08.17-11.18.28:792][  0]LogConfig: Setting CVar [[r.BloomQuality:5]]
[2021.08.17-11.18.28:792][  0]LogConfig: Setting CVar [[r.FastBlurThreshold:100]]
[2021.08.17-11.18.28:792][  0]LogConfig: Setting CVar [[r.Upscale.Quality:3]]
[2021.08.17-11.18.28:792][  0]LogConfig: Setting CVar [[r.Tonemapper.GrainQuantization:1]]
[2021.08.17-11.18.28:792][  0]LogConfig: Setting CVar [[r.LightShaftQuality:1]]
[2021.08.17-11.18.28:792][  0]LogConfig: Setting CVar [[r.Filter.SizeScale:1]]
[2021.08.17-11.18.28:792][  0]LogConfig: Setting CVar [[r.Tonemapper.Quality:5]]
[2021.08.17-11.18.28:792][  0]LogConfig: Setting CVar [[r.DOF.Gather.AccumulatorQuality:1        ; higher gathering accumulator quality]]
[2021.08.17-11.18.28:792][  0]LogConfig: Setting CVar [[r.DOF.Gather.PostfilterMethod:1          ; Median3x3 postfilering method]]
[2021.08.17-11.18.28:792][  0]LogConfig: Setting CVar [[r.DOF.Gather.EnableBokehSettings:0       ; no bokeh simulation when gathering]]
[2021.08.17-11.18.28:792][  0]LogConfig: Setting CVar [[r.DOF.Gather.RingCount:4                 ; medium number of samples when gathering]]
[2021.08.17-11.18.28:792][  0]LogConfig: Setting CVar [[r.DOF.Scatter.ForegroundCompositing:1    ; additive foreground scattering]]
[2021.08.17-11.18.28:792][  0]LogConfig: Setting CVar [[r.DOF.Scatter.BackgroundCompositing:2    ; additive background scattering]]
[2021.08.17-11.18.28:792][  0]LogConfig: Setting CVar [[r.DOF.Scatter.EnableBokehSettings:1      ; bokeh simulation when scattering]]
[2021.08.17-11.18.28:792][  0]LogConfig: Setting CVar [[r.DOF.Scatter.MaxSpriteRatio:0.1         ; only a maximum of 10% of scattered bokeh]]
[2021.08.17-11.18.28:792][  0]LogConfig: Setting CVar [[r.DOF.Recombine.Quality:1                ; cheap slight out of focus]]
[2021.08.17-11.18.28:792][  0]LogConfig: Setting CVar [[r.DOF.Recombine.EnableBokehSettings:0    ; no bokeh simulation on slight out of focus]]
[2021.08.17-11.18.28:792][  0]LogConfig: Setting CVar [[r.DOF.TemporalAAQuality:1                ; more stable temporal accumulation]]
[2021.08.17-11.18.28:792][  0]LogConfig: Setting CVar [[r.DOF.Kernel.MaxForegroundRadius:0.025]]
[2021.08.17-11.18.28:792][  0]LogConfig: Setting CVar [[r.DOF.Kernel.MaxBackgroundRadius:0.025]]
[2021.08.17-11.18.28:792][  0]LogConfig: Applying CVar settings from Section [TextureQuality@3] File [C:/Users/happl/OneDrive/Documents/GitHub/TheStone_NewAdventure/Project/TheStoneNewAdventure/Saved/Config/Windows/Scalability.ini]
[2021.08.17-11.18.28:792][  0]LogConfig: Setting CVar [[r.Streaming.MipBias:0]]
[2021.08.17-11.18.28:792][  0]LogConfig: Setting CVar [[r.Streaming.AmortizeCPUToGPUCopy:0]]
[2021.08.17-11.18.28:792][  0]LogConfig: Setting CVar [[r.Streaming.MaxNumTexturesToStreamPerFrame:0]]
[2021.08.17-11.18.28:792][  0]LogConfig: Setting CVar [[r.Streaming.Boost:1]]
[2021.08.17-11.18.28:792][  0]LogConfig: Setting CVar [[r.MaxAnisotropy:8]]
[2021.08.17-11.18.28:792][  0]LogConfig: Setting CVar [[r.VT.MaxAnisotropy:8]]
[2021.08.17-11.18.28:792][  0]LogConfig: Setting CVar [[r.Streaming.LimitPoolSizeToVRAM:0]]
[2021.08.17-11.18.28:792][  0]LogConfig: Setting CVar [[r.Streaming.PoolSize:1000]]
[2021.08.17-11.18.28:792][  0]LogConfig: Setting CVar [[r.Streaming.MaxEffectiveScreenSize:0]]
[2021.08.17-11.18.28:792][  0]LogConfig: Applying CVar settings from Section [EffectsQuality@3] File [C:/Users/happl/OneDrive/Documents/GitHub/TheStone_NewAdventure/Project/TheStoneNewAdventure/Saved/Config/Windows/Scalability.ini]
[2021.08.17-11.18.28:792][  0]LogConfig: Setting CVar [[r.TranslucencyLightingVolumeDim:64]]
[2021.08.17-11.18.28:792][  0]LogConfig: Setting CVar [[r.RefractionQuality:2]]
[2021.08.17-11.18.28:792][  0]LogConfig: Setting CVar [[r.SSR.Quality:3]]
[2021.08.17-11.18.28:792][  0]LogConfig: Setting CVar [[r.SSR.HalfResSceneColor:0]]
[2021.08.17-11.18.28:792][  0]LogConfig: Setting CVar [[r.SceneColorFormat:4]]
[2021.08.17-11.18.28:792][  0]LogConfig: Setting CVar [[r.DetailMode:2]]
[2021.08.17-11.18.28:792][  0]LogConfig: Setting CVar [[r.TranslucencyVolumeBlur:1]]
[2021.08.17-11.18.28:792][  0]LogConfig: Setting CVar [[r.MaterialQualityLevel:1 ; High quality]]
[2021.08.17-11.18.28:792][  0]LogConfig: Setting CVar [[r.SSS.Scale:1]]
[2021.08.17-11.18.28:792][  0]LogConfig: Setting CVar [[r.SSS.SampleSet:2]]
[2021.08.17-11.18.28:792][  0]LogConfig: Setting CVar [[r.SSS.Quality:1]]
[2021.08.17-11.18.28:792][  0]LogConfig: Setting CVar [[r.SSS.HalfRes:0]]
[2021.08.17-11.18.28:792][  0]LogConfig: Setting CVar [[r.SSGI.Quality:3]]
[2021.08.17-11.18.28:792][  0]LogConfig: Setting CVar [[r.EmitterSpawnRateScale:1.0]]
[2021.08.17-11.18.28:792][  0]LogConfig: Setting CVar [[r.ParticleLightQuality:2]]
[2021.08.17-11.18.28:792][  0]LogConfig: Setting CVar [[r.SkyAtmosphere.AerialPerspectiveLUT.FastApplyOnOpaque:1 ; Always have FastSkyLUT 1 in this case to avoid wrong sky]]
[2021.08.17-11.18.28:792][  0]LogConfig: Setting CVar [[r.SkyAtmosphere.AerialPerspectiveLUT.SampleCountPerSlice:1]]
[2021.08.17-11.18.28:792][  0]LogConfig: Setting CVar [[r.SkyAtmosphere.AerialPerspectiveLUT.DepthResolution:16.0]]
[2021.08.17-11.18.28:792][  0]LogConfig: Setting CVar [[r.SkyAtmosphere.FastSkyLUT:1]]
[2021.08.17-11.18.28:792][  0]LogConfig: Setting CVar [[r.SkyAtmosphere.FastSkyLUT.SampleCountMin:4.0]]
[2021.08.17-11.18.28:792][  0]LogConfig: Setting CVar [[r.SkyAtmosphere.FastSkyLUT.SampleCountMax:32.0]]
[2021.08.17-11.18.28:792][  0]LogConfig: Setting CVar [[r.SkyAtmosphere.SampleCountMin:4.0]]
[2021.08.17-11.18.28:792][  0]LogConfig: Setting CVar [[r.SkyAtmosphere.SampleCountMax:32.0]]
[2021.08.17-11.18.28:793][  0]LogConfig: Setting CVar [[r.SkyAtmosphere.TransmittanceLUT.UseSmallFormat:0]]
[2021.08.17-11.18.28:793][  0]LogConfig: Setting CVar [[r.SkyAtmosphere.TransmittanceLUT.SampleCount:10.0]]
[2021.08.17-11.18.28:793][  0]LogConfig: Setting CVar [[r.SkyAtmosphere.MultiScatteringLUT.SampleCount:15.0]]
[2021.08.17-11.18.28:793][  0]LogConfig: Applying CVar settings from Section [FoliageQuality@3] File [C:/Users/happl/OneDrive/Documents/GitHub/TheStone_NewAdventure/Project/TheStoneNewAdventure/Saved/Config/Windows/Scalability.ini]
[2021.08.17-11.18.28:793][  0]LogConfig: Setting CVar [[foliage.DensityScale:1.0]]
[2021.08.17-11.18.28:793][  0]LogConfig: Setting CVar [[grass.DensityScale:1.0]]
[2021.08.17-11.18.28:793][  0]LogConfig: Applying CVar settings from Section [ShadingQuality@3] File [C:/Users/happl/OneDrive/Documents/GitHub/TheStone_NewAdventure/Project/TheStoneNewAdventure/Saved/Config/Windows/Scalability.ini]
[2021.08.17-11.18.28:793][  0]LogConfig: Setting CVar [[r.HairStrands.SkyLighting.SampleCount:16]]
[2021.08.17-11.18.28:793][  0]LogConfig: Setting CVar [[r.HairStrands.SkyLighting.JitterIntegration:0]]
[2021.08.17-11.18.28:793][  0]LogConfig: Setting CVar [[r.HairStrands.SkyAO.SampleCount:16]]
[2021.08.17-11.18.28:793][  0]LogConfig: Setting CVar [[r.HairStrands.DeepShadow.SuperSampling:0]]
[2021.08.17-11.18.28:793][  0]LogConfig: Setting CVar [[r.HairStrands.VisibilityPPLL:0]]
[2021.08.17-11.18.28:793][  0]LogConfig: Setting CVar [[r.HairStrands.RasterizationScale:0.5]]
[2021.08.17-11.18.28:793][  0]LogConfig: Setting CVar [[r.HairStrands.VelocityRasterizationScale:1]]
[2021.08.17-11.18.28:793][  0]LogConfig: Applying CVar settings from Section [Startup] File [../../../Engine/Config/ConsoleVariables.ini]
[2021.08.17-11.18.28:793][  0]LogConfig: Setting CVar [[net.UseAdaptiveNetUpdateFrequency:0]]
[2021.08.17-11.18.28:793][  0]LogConfig: Setting CVar [[p.chaos.AllowCreatePhysxBodies:1]]
[2021.08.17-11.18.28:793][  0]LogConfig: Setting CVar [[fx.SkipVectorVMBackendOptimizations:1]]
[2021.08.17-11.18.28:793][  0]LogConfig: Applying CVar settings from Section [ConsoleVariables] File [C:/Users/happl/OneDrive/Documents/GitHub/TheStone_NewAdventure/Project/TheStoneNewAdventure/Saved/Config/Windows/Engine.ini]
[2021.08.17-11.18.28:793][  0]LogInit: Computer: 2WINGS
[2021.08.17-11.18.28:793][  0]LogInit: User: happl
[2021.08.17-11.18.28:793][  0]LogInit: CPU Page size=4096, Cores=4
[2021.08.17-11.18.28:793][  0]LogInit: High frequency timer resolution =10.000000 MHz
[2021.08.17-11.18.28:794][  0]LogMemory: Memory total: Physical=19.9GB (20GB approx)
[2021.08.17-11.18.28:794][  0]LogMemory: Platform Memory Stats for Windows
[2021.08.17-11.18.28:794][  0]LogMemory: Process Physical Memory: 114.72 MB used, 114.73 MB peak
[2021.08.17-11.18.28:794][  0]LogMemory: Process Virtual Memory: 95.38 MB used, 95.38 MB peak
[2021.08.17-11.18.28:794][  0]LogMemory: Physical Memory: 8295.50 MB used,  12098.96 MB free, 20394.46 MB total
[2021.08.17-11.18.28:794][  0]LogMemory: Virtual Memory: 5128.68 MB used,  134212600.00 MB free, 134217728.00 MB total
[2021.08.17-11.18.28:807][  0]LogWindows: WindowsPlatformFeatures enabled
[2021.08.17-11.18.28:879][  0]LogInit: Physics initialised using underlying interface: PhysX
[2021.08.17-11.18.28:880][  0]LogInit: Using OS detected language (ko-KR).
[2021.08.17-11.18.28:880][  0]LogInit: Using OS detected locale (ko-KR).
[2021.08.17-11.18.28:894][  0]LogTextLocalizationManager: No specific localization for 'ko-KR' exists, so the 'ko' localization will be used.
[2021.08.17-11.18.29:009][  0]LogInit: Setting process to per monitor DPI aware
[2021.08.17-11.18.29:094][  0]LogSlate: New Slate User Created.  User Index 0, Is Virtual User: 0
[2021.08.17-11.18.29:094][  0]LogSlate: Slate User Registered.  User Index 0, Is Virtual User: 0
[2021.08.17-11.18.29:456][  0]LogHMD: Failed to initialize OpenVR with code 110
[2021.08.17-11.18.29:456][  0]LogD3D11RHI: D3D11 min allowed feature level: 11_0
[2021.08.17-11.18.29:456][  0]LogD3D11RHI: D3D11 max allowed feature level: 11_0
[2021.08.17-11.18.29:456][  0]LogD3D11RHI: D3D11 adapters:
[2021.08.17-11.18.29:578][  0]LogD3D11RHI:    0. 'NVIDIA GeForce GTX 1050 Ti' (Feature Level 11_0)
[2021.08.17-11.18.29:578][  0]LogD3D11RHI:       4018/0/10197 MB DedicatedVideo/DedicatedSystem/SharedSystem, Outputs:1, VendorId:0x10de
[2021.08.17-11.18.29:640][  0]LogD3D11RHI:    1. 'Intel(R) HD Graphics 630' (Feature Level 11_0)
[2021.08.17-11.18.29:640][  0]LogD3D11RHI:       128/0/10197 MB DedicatedVideo/DedicatedSystem/SharedSystem, Outputs:0, VendorId:0x8086
[2021.08.17-11.18.29:643][  0]LogD3D11RHI:    2. 'Microsoft Basic Render Driver' (Feature Level 11_0)
[2021.08.17-11.18.29:643][  0]LogD3D11RHI:       0/0/10197 MB DedicatedVideo/DedicatedSystem/SharedSystem, Outputs:0, VendorId:0x1414
[2021.08.17-11.18.29:643][  0]LogD3D11RHI: Chosen D3D11 Adapter: 0
[2021.08.17-11.18.29:661][  0]LogD3D11RHI: Creating new Direct3DDevice
[2021.08.17-11.18.29:661][  0]LogD3D11RHI:     GPU DeviceId: 0x1c8c (for the marketing name, search the web for "GPU Device Id")
[2021.08.17-11.18.29:661][  0]LogWindows: EnumDisplayDevices:
[2021.08.17-11.18.29:661][  0]LogWindows:    0. 'Intel(R) HD Graphics 630' (P:1 D:1)
[2021.08.17-11.18.29:662][  0]LogWindows:    1. 'Intel(R) HD Graphics 630' (P:0 D:0)
[2021.08.17-11.18.29:663][  0]LogWindows:    2. 'Intel(R) HD Graphics 630' (P:0 D:0)
[2021.08.17-11.18.29:664][  0]LogWindows:    3. 'NVIDIA GeForce GTX 1050 Ti' (P:0 D:0)
[2021.08.17-11.18.29:665][  0]LogWindows: DebugString: PrimaryIsNotTheChoosenAdapter PrimaryIsNotTheChoosenAdapter PrimaryIsNotTheChoosenAdapter 
[2021.08.17-11.18.29:665][  0]LogD3D11RHI:     Adapter Name: NVIDIA GeForce GTX 1050 Ti
[2021.08.17-11.18.29:665][  0]LogD3D11RHI:   Driver Version: 442.62 (internal:26.21.14.4262, unified:442.62)
[2021.08.17-11.18.29:665][  0]LogD3D11RHI:      Driver Date: 3-8-2020
[2021.08.17-11.18.29:665][  0]LogRHI: Texture pool is 2812 MB (70% of 4018 MB)
[2021.08.17-11.18.29:737][  0]LogD3D11RHI: RHI has support for 64 bit atomics
[2021.08.17-11.18.29:737][  0]LogD3D11RHI: Async texture creation enabled
[2021.08.17-11.18.29:737][  0]LogD3D11RHI: Array index from any shader is supported
[2021.08.17-11.18.29:755][  0]LogD3D11RHI: GPU Timing Frequency: 1000.000000 (Debug: 2 1)
[2021.08.17-11.18.30:259][  0]LogTargetPlatformManager: Display: Loaded TargetPlatform 'AllDesktop'
[2021.08.17-11.18.30:290][  0]LogTargetPlatformManager: Display: Loaded TargetPlatform 'Android'
[2021.08.17-11.18.30:290][  0]LogTargetPlatformManager: Display: Loaded TargetPlatform 'Android_ASTC'
[2021.08.17-11.18.30:290][  0]LogTargetPlatformManager: Display: Loaded TargetPlatform 'Android_DXT'
[2021.08.17-11.18.30:290][  0]LogTargetPlatformManager: Display: Loaded TargetPlatform 'Android_ETC2'
[2021.08.17-11.18.30:290][  0]LogTargetPlatformManager: Display: Loaded TargetPlatform 'AndroidClient'
[2021.08.17-11.18.30:290][  0]LogTargetPlatformManager: Display: Loaded TargetPlatform 'Android_ASTCClient'
[2021.08.17-11.18.30:290][  0]LogTargetPlatformManager: Display: Loaded TargetPlatform 'Android_DXTClient'
[2021.08.17-11.18.30:290][  0]LogTargetPlatformManager: Display: Loaded TargetPlatform 'Android_ETC2Client'
[2021.08.17-11.18.30:290][  0]LogTargetPlatformManager: Display: Loaded TargetPlatform 'Android_Multi'
[2021.08.17-11.18.30:290][  0]LogTargetPlatformManager: Display: Loaded TargetPlatform 'Android_MultiClient'
[2021.08.17-11.18.30:328][  0]LogTargetPlatformManager: Display: Loaded TargetPlatform 'IOSClient'
[2021.08.17-11.18.30:328][  0]LogTargetPlatformManager: Display: Loaded TargetPlatform 'IOS'
[2021.08.17-11.18.30:346][  0]LogTargetPlatformManager: Display: Loaded TargetPlatform 'Linux'
[2021.08.17-11.18.30:361][  0]LogTargetPlatformManager: Display: Loaded TargetPlatform 'LinuxNoEditor'
[2021.08.17-11.18.30:376][  0]LogTargetPlatformManager: Display: Loaded TargetPlatform 'LinuxClient'
[2021.08.17-11.18.30:390][  0]LogTargetPlatformManager: Display: Loaded TargetPlatform 'LinuxServer'
[2021.08.17-11.18.30:404][  0]LogTargetPlatformManager: Display: Loaded TargetPlatform 'LinuxAArch64NoEditor'
[2021.08.17-11.18.30:420][  0]LogTargetPlatformManager: Display: Loaded TargetPlatform 'LinuxAArch64Client'
[2021.08.17-11.18.30:437][  0]LogTargetPlatformManager: Display: Loaded TargetPlatform 'LinuxAArch64Server'
[2021.08.17-11.18.30:488][  0]LogTargetPlatformManager: Display: Loaded TargetPlatform 'Lumin'
[2021.08.17-11.18.30:488][  0]LogTargetPlatformManager: Display: Loaded TargetPlatform 'LuminClient'
[2021.08.17-11.18.30:516][  0]LogTargetPlatformManager: Display: Loaded TargetPlatform 'TVOSClient'
[2021.08.17-11.18.30:516][  0]LogTargetPlatformManager: Display: Loaded TargetPlatform 'TVOS'
[2021.08.17-11.18.30:531][  0]LogTargetPlatformManager: Display: Loaded TargetPlatform 'WindowsNoEditor'
[2021.08.17-11.18.30:547][  0]LogTargetPlatformManager: Display: Loaded TargetPlatform 'Windows'
[2021.08.17-11.18.30:561][  0]LogTargetPlatformManager: Display: Loaded TargetPlatform 'WindowsClient'
[2021.08.17-11.18.30:575][  0]LogTargetPlatformManager: Display: Loaded TargetPlatform 'WindowsServer'
[2021.08.17-11.18.30:575][  0]LogTargetPlatformManager: Display: Building Assets For Windows
[2021.08.17-11.18.30:590][  0]LogAudioDebug: Display: Lib vorbis DLL was dynamically loaded.
[2021.08.17-11.18.30:712][  0]LogShaderCompilers: Guid format shader working directory is -61 characters bigger than the processId version (../../../../../../Users/happl/OneDrive/Documents/GitHub/TheStone_NewAdventure/Project/TheStoneNewAdventure/Intermediate/Shaders/WorkingDirectory/12160/).
[2021.08.17-11.18.30:712][  0]LogShaderCompilers: Cleaned the shader compiler working directory 'C:/Users/happl/AppData/Local/Temp/UnrealShaderWorkingDir/30083C43447D7FAEC15130A095742240/'.
[2021.08.17-11.18.30:713][  0]LogXGEController: Cannot use XGE Controller as Incredibuild is not installed on this machine.
[2021.08.17-11.18.30:713][  0]LogShaderCompilers: Cannot use XGE Shader Compiler as Incredibuild is not installed on this machine.
[2021.08.17-11.18.30:713][  0]LogShaderCompilers: Display: Using Local Shader Compiler.
[2021.08.17-11.18.31:675][  0]LogDerivedDataCache: Display: Max Cache Size: 512 MB
[2021.08.17-11.18.31:737][  0]LogDerivedDataCache: Loaded boot cache 0.06s 76MB C:/Users/happl/AppData/Local/UnrealEngine/4.25/DerivedDataCache/Boot.ddc.
[2021.08.17-11.18.31:737][  0]LogDerivedDataCache: Display: Loaded Boot cache: C:/Users/happl/AppData/Local/UnrealEngine/4.25/DerivedDataCache/Boot.ddc
[2021.08.17-11.18.31:737][  0]LogDerivedDataCache: FDerivedDataBackendGraph:  Pak pak cache file ../../../../../../Users/happl/OneDrive/Documents/GitHub/TheStone_NewAdventure/Project/TheStoneNewAdventure/DerivedDataCache/DDC.ddp not found, will not use a pak cache.
[2021.08.17-11.18.31:737][  0]LogDerivedDataCache: Unable to find inner node Pak for hierarchical cache Hierarchy.
[2021.08.17-11.18.31:737][  0]LogDerivedDataCache: FDerivedDataBackendGraph:  CompressedPak pak cache file ../../../../../../Users/happl/OneDrive/Documents/GitHub/TheStone_NewAdventure/Project/TheStoneNewAdventure/DerivedDataCache/Compressed.ddp not found, will not use a pak cache.
[2021.08.17-11.18.31:737][  0]LogDerivedDataCache: Unable to find inner node CompressedPak for hierarchical cache Hierarchy.
[2021.08.17-11.18.31:750][  0]LogDerivedDataCache: Display: Pak cache opened for reading ../../../Engine/DerivedDataCache/Compressed.ddp.
[2021.08.17-11.18.31:750][  0]LogDerivedDataCache: FDerivedDataBackendGraph:  EnterprisePak pak cache file ../../../Enterprise/DerivedDataCache/Compressed.ddp not found, will not use a pak cache.
[2021.08.17-11.18.31:750][  0]LogDerivedDataCache: Unable to find inner node EnterprisePak for hierarchical cache Hierarchy.
[2021.08.17-11.18.31:751][  0]LogDerivedDataCache: Using Local data cache path C:/Users/happl/AppData/Local/UnrealEngine/Common/DerivedDataCache: Writable
[2021.08.17-11.18.31:751][  0]LogDerivedDataCache: Shared data cache path not found in *engine.ini, will not use an Shared cache.
[2021.08.17-11.18.31:751][  0]LogDerivedDataCache: Unable to find inner node Shared for hierarchical cache Hierarchy.
[2021.08.17-11.18.31:812][  0]LogSlate: Using FreeType 2.10.0
[2021.08.17-11.18.31:813][  0]LogSlate: SlateFontServices - WITH_FREETYPE: 1, WITH_HARFBUZZ: 1
[2021.08.17-11.18.31:852][  0]LogAssetRegistry: FAssetRegistry took 0.0036 seconds to start up
[2021.08.17-11.18.32:151][  0]LogInit: Selected Device Profile: [Windows]
[2021.08.17-11.18.32:305][  0]LogMeshReduction: Using QuadricMeshReduction for automatic static mesh reduction
[2021.08.17-11.18.32:305][  0]LogMeshReduction: Using SimplygonMeshReduction for automatic skeletal mesh reduction
[2021.08.17-11.18.32:305][  0]LogMeshReduction: Using ProxyLODMeshReduction for automatic mesh merging
[2021.08.17-11.18.32:305][  0]LogMeshReduction: No distributed automatic mesh merging module available
[2021.08.17-11.18.32:305][  0]LogMeshMerging: No distributed automatic mesh merging module available
[2021.08.17-11.18.32:326][  0]LogNetVersion: TheStoneNewAdventure 1.0.0, NetCL: 13144385, EngineNetVer: 14, GameNetVer: 0 (Checksum: 222880135)
[2021.08.17-11.18.33:060][  0]LogAISub: UAISubsystem::UAISubsystem AISubsystem (000001ABB4D7B940), frame # 0
[2021.08.17-11.18.33:060][  0]LogAISub: UAISubsystem::UAISubsystem AIPerceptionSystem (000001ABB4D75D00), frame # 0
[2021.08.17-11.18.33:062][  0]LogAISub: UAISubsystem::UAISubsystem EnvQueryManager (000001ABB4DD1E00), frame # 0
[2021.08.17-11.18.33:209][  0]LogPackageLocalizationCache: Processed 20 localized package path(s) for 1 prioritized culture(s) in 0.138167 seconds
[2021.08.17-11.18.33:217][  0]LogUObjectArray: 15917 objects as part of root set at end of initial load.
[2021.08.17-11.18.33:217][  0]LogUObjectAllocator: 3965568 out of 0 bytes used by permanent object pool.
[2021.08.17-11.18.33:217][  0]LogUObjectArray: CloseDisregardForGC: 0/0 objects in disregard for GC pool
[2021.08.17-11.18.33:936][  0]LogTcpMessaging: Initializing TcpMessaging bridge
[2021.08.17-11.18.33:944][  0]LogUdpMessaging: Initializing bridge on interface 0.0.0.0:0 to multicast group 230.0.0.1:6666.
[2021.08.17-11.18.34:103][  0]SourceControl: 소스 컨트롤이 꺼졌습니다.
[2021.08.17-11.18.34:103][  0]SourceControl: 소스 컨트롤이 꺼졌습니다.
[2021.08.17-11.18.34:110][  0]SourceControl: 소스 컨트롤이 꺼졌습니다.
[2021.08.17-11.18.34:116][  0]SourceControl: 소스 컨트롤이 꺼졌습니다.
[2021.08.17-11.18.34:135][  0]SourceControl: 소스 컨트롤이 꺼졌습니다.
[2021.08.17-11.18.34:728][  0]LogTexture: Display: 텍스처 빌드: T_Blockout_Grid (BGRA8, 2048X2048)
[2021.08.17-11.18.34:728][  0]LogMaterial: Display: Missing cached shader map for material M_BlockoutTools_Grid, compiling. 
[2021.08.17-11.18.34:851][  0]LogShaderCompilers: Display: Worker (1/3): shaders left to compile 68
[2021.08.17-11.18.34:851][  0]LogShaderCompilers: Display: Worker (2/3): shaders left to compile 58
[2021.08.17-11.18.34:851][  0]LogShaderCompilers: Display: Worker (3/3): shaders left to compile 48
[2021.08.17-11.18.34:851][  0]LogMaterial: Display: Missing cached shader map for material M_BlockoutTools_Custom, compiling. 
[2021.08.17-11.18.35:042][  0]LogTexture: Display: 텍스처 빌드: T_Blockout_Actor_Icon (AutoDXT, 128X128)
[2021.08.17-11.18.35:042][  0]LogAndroidPermission: UAndroidPermissionCallbackProxy::GetInstance
[2021.08.17-11.18.35:084][  0]LogAudioCaptureCore: Display: No Audio Capture implementations found. Audio input will be silent.
[2021.08.17-11.18.35:084][  0]LogAudioCaptureCore: Display: No Audio Capture implementations found. Audio input will be silent.
[2021.08.17-11.18.35:178][  0]LogOcInput: OculusInput pre-init called
[2021.08.17-11.18.35:206][  0]LogWindows: Failed to load 'OVRPlugin.dll' (GetLastError=126)
[2021.08.17-11.18.35:206][  0]LogWindows: File 'OVRPlugin.dll' does not exist
[2021.08.17-11.18.35:300][  0]LogEngine: Initializing Engine...
[2021.08.17-11.18.35:302][  0]LogHMD: Failed to initialize OpenVR with code 110
[2021.08.17-11.18.35:302][  0]LogMagicLeap: Warning: VR disabled because ZI is not enabled.  To enable, in the editor, Edit -> Project Settings -> Plugins -> Magic Leap Plugin -> Enable Zero Iteration
[2021.08.17-11.18.35:303][  0]LogStats: UGameplayTagsManager::InitializeManager -  0.000 s
[2021.08.17-11.18.35:462][  0]LogInit: Initializing FReadOnlyCVARCache
[2021.08.17-11.18.35:476][  0]LogAIModule: Creating AISystem for world Untitled
[2021.08.17-11.18.35:476][  0]LogAISub: UAISubsystem::UAISubsystem EnvQueryManager (000001ABBAE6BC00), frame # 0
[2021.08.17-11.18.35:476][  0]LogAISub: UAISubsystem::UAISubsystem AIPerceptionSystem (000001ABBAE9B240), frame # 0
[2021.08.17-11.18.35:493][  0]LogAudioMixer: Display: Audio Mixer Platform Settings:
[2021.08.17-11.18.35:494][  0]LogAudioMixer: Display: 	Sample Rate:						  48000
[2021.08.17-11.18.35:494][  0]LogAudioMixer: Display: 	Callback Buffer Frame Size Requested: 1024
[2021.08.17-11.18.35:494][  0]LogAudioMixer: Display: 	Callback Buffer Frame Size To Use:	  1024
[2021.08.17-11.18.35:494][  0]LogAudioMixer: Display: 	Number of buffers to queue:			  2
[2021.08.17-11.18.35:494][  0]LogAudioMixer: Display: 	Max Channels (voices):				  32
[2021.08.17-11.18.35:494][  0]LogAudioMixer: Display: 	Number of Async Source Workers:		  0
[2021.08.17-11.18.35:494][  0]LogAudio: Display: AudioDevice MaxSources: 32
[2021.08.17-11.18.35:494][  0]LogAudio: Display: Using built-in audio occlusion.
[2021.08.17-11.18.35:494][  0]LogAudioMixer: Display: Initializing audio mixer.
[2021.08.17-11.18.35:537][  0]LogAudioMixer: Display: 0: FrontLeft
[2021.08.17-11.18.35:537][  0]LogAudioMixer: Display: 1: FrontRight
[2021.08.17-11.18.35:684][  0]LogAudioMixer: Display: Using Audio Device 스피커(USB Audio Device)
[2021.08.17-11.18.35:686][  0]LogAudioMixer: Display: Initializing Sound Submixes...
[2021.08.17-11.18.35:690][  0]LogAudioMixer: Display: Creating Master Submix 'MasterSubmixDefault'
[2021.08.17-11.18.35:690][  0]LogAudioMixer: Display: Creating Master Submix 'MasterReverbSubmixDefault'
[2021.08.17-11.18.35:692][  0]LogAudioMixer: Display: Creating Master Submix 'MasterEQSubmixDefault'
[2021.08.17-11.18.35:693][  0]LogInit: FAudioDevice initialized.
[2021.08.17-11.18.35:693][  0]LogNetVersion: Set ProjectVersion to 1.0.0.0. Version Checksum will be recalculated on next use.
[2021.08.17-11.18.35:771][  0]LogDerivedDataCache: Saved boot cache 0.08s 97MB C:/Users/happl/AppData/Local/UnrealEngine/4.25/DerivedDataCache/Boot.ddc.
[2021.08.17-11.18.35:771][  0]LogInit: Texture streaming: Enabled
[2021.08.17-11.18.35:807][  0]LogEngineSessionManager: EngineSessionManager initialized
[2021.08.17-11.18.35:807][  0]LogEditorSessionSummary: Verbose: Initializing EditorSessionSummaryWriter for editor session tracking
[2021.08.17-11.18.35:811][  0]LogEditorSessionSummary: EditorSessionSummaryWriter initialized
[2021.08.17-11.18.35:969][  0]LogInit: Transaction tracking system initialized
[2021.08.17-11.18.36:014][  0]BlueprintLog: New page: 에디터 로드
[2021.08.17-11.18.36:167][  0]LocalizationService: 현지화 서비스가 비활성화되었습니다.
[2021.08.17-11.18.36:475][  0]LogCook: Display: Max memory allowance for cook 16384mb min free memory 0mb
[2021.08.17-11.18.36:475][  0]LogCook: Display: Mobile HDR setting 1
[2021.08.17-11.18.36:670][  0]LogFileCache: Scanning file cache for directory 'C:/Users/happl/OneDrive/Documents/GitHub/TheStone_NewAdventure/Project/TheStoneNewAdventure/Content/' took 0.02s
[2021.08.17-11.18.36:670][  0]LogStaticMesh: SM_Blockout_Box 스태틱 메시 빌드중...
[2021.08.17-11.18.36:675][  0]LogStaticMesh: Built static mesh [0.00s] /BlockoutToolsPlugin/Meshes/SM_Blockout_Box.SM_Blockout_Box
[2021.08.17-11.18.36:767][  0]LogStaticMesh: SM_Blockout_Curved_Corner_Inner_Q3 스태틱 메시 빌드중...
[2021.08.17-11.18.36:771][  0]LogStaticMesh: Built static mesh [0.00s] /BlockoutToolsPlugin/Meshes/SM_Blockout_Curved_Corner_Inner_Q3.SM_Blockout_Curved_Corner_Inner_Q3
[2021.08.17-11.18.36:825][  0]LogStaticMesh: SM_Blockout_Cylinder_Q1 스태틱 메시 빌드중...
[2021.08.17-11.18.36:828][  0]LogStaticMesh: Built static mesh [0.00s] /BlockoutToolsPlugin/Meshes/SM_Blockout_Cylinder_Q1.SM_Blockout_Cylinder_Q1
[2021.08.17-11.18.36:982][  0]LogStaticMesh: SM_Blockout_Box_Centered 스태틱 메시 빌드중...
[2021.08.17-11.18.36:985][  0]LogStaticMesh: Built static mesh [0.00s] /BlockoutToolsPlugin/Meshes/SM_Blockout_Box_Centered.SM_Blockout_Box_Centered
[2021.08.17-11.18.37:292][  0]LogImageWrapper: Warning: PNG Warning: iCCP: CRC error
[2021.08.17-11.18.37:293][  0]LogImageWrapper: Warning: PNG Warning: iCCP: CRC error
[2021.08.17-11.18.37:966][  0]LogImageWrapper: Warning: PNG Warning: iCCP: CRC error
[2021.08.17-11.18.37:966][  0]LogImageWrapper: Warning: PNG Warning: iCCP: CRC error
[2021.08.17-11.18.37:966][  0]SourceControl: 소스 컨트롤이 꺼졌습니다.
[2021.08.17-11.18.37:966][  0]LogUnrealEdMisc: Loading editor; pre map load, took 11.935
[2021.08.17-11.18.37:966][  0]Cmd: MAP LOAD FILE="../../../Engine/Content/Maps/Templates/Template_Default.umap" TEMPLATE=1 SHOWPROGRESS=1 FEATURELEVEL=3
[2021.08.17-11.18.37:966][  0]LightingResults: New page: 라이팅 빌드
[2021.08.17-11.18.37:968][  0]LogWorld: UWorld::CleanupWorld for Untitled, bSessionEnded=true, bCleanupResources=true
[2021.08.17-11.18.37:968][  0]LogSlate: InvalidateAllWidgets triggered.  All widgets were invalidated
[2021.08.17-11.18.37:968][  0]MapCheck: New page: 맵 체크
[2021.08.17-11.18.37:968][  0]LightingResults: New page: 라이팅 빌드
[2021.08.17-11.18.37:981][  0]LogAISub: UAISubsystem::~UAISubsystem EnvQueryManager (000001ABBAE6BC00), frame # 0
[2021.08.17-11.18.37:981][  0]LogAISub: UAISubsystem::~UAISubsystem AIPerceptionSystem (000001ABBAE9B240), frame # 0
[2021.08.17-11.18.37:983][  0]LogUObjectHash: Compacting FUObjectHashTables data took   1.13ms
[2021.08.17-11.18.38:049][  0]LogAIModule: Creating AISystem for world Untitled_1
[2021.08.17-11.18.38:049][  0]LogAISub: UAISubsystem::UAISubsystem EnvQueryManager (000001ABACF38C00), frame # 0
[2021.08.17-11.18.38:049][  0]LogAISub: UAISubsystem::UAISubsystem AIPerceptionSystem (000001ABAC16DA80), frame # 0
[2021.08.17-11.18.38:054][  0]LogEditorServer: Finished looking for orphan Actors (0.000 secs)
[2021.08.17-11.18.38:076][  0]LogUObjectHash: Compacting FUObjectHashTables data took   0.99ms
[2021.08.17-11.18.38:077][  0]Cmd: MAP CHECKDEP NOCLEARLOG
[2021.08.17-11.18.38:077][  0]MapCheck: 맵 체크 완료: 오류 0 회, 경고 0 회, 소요 시간 0.431ms.
[2021.08.17-11.18.38:077][  0]LogFileHelpers: Loading map 'Template_Default' took 0.111
[2021.08.17-11.18.38:080][  0]LogUnrealEdMisc: Total Editor Startup Time, took 12.049
[2021.08.17-11.18.38:239][  0]LogSlate: Updating window title bar state: overlay mode, drag disabled, window buttons hidden, title bar hidden
[2021.08.17-11.18.38:248][  0]LogSlate: Updating window title bar state: overlay mode, drag disabled, window buttons hidden, title bar hidden
[2021.08.17-11.18.38:257][  0]LogSlate: Updating window title bar state: overlay mode, drag disabled, window buttons hidden, title bar hidden
[2021.08.17-11.18.38:267][  0]LogSlate: Updating window title bar state: overlay mode, drag disabled, window buttons hidden, title bar hidden
[2021.08.17-11.18.38:280][  0]LogCollectionManager: Loaded 0 collections in 0.002092 seconds
[2021.08.17-11.18.38:299][  0]LogFileCache: Scanning file cache for directory 'C:/Users/happl/OneDrive/Documents/GitHub/TheStone_NewAdventure/Project/TheStoneNewAdventure/Saved/Collections/' took 0.00s
[2021.08.17-11.18.38:299][  0]LogFileCache: Scanning file cache for directory 'C:/Users/happl/OneDrive/Documents/GitHub/TheStone_NewAdventure/Project/TheStoneNewAdventure/Content/Developers/happl/Collections/' took 0.00s
[2021.08.17-11.18.38:299][  0]LogFileCache: Scanning file cache for directory 'C:/Users/happl/OneDrive/Documents/GitHub/TheStone_NewAdventure/Project/TheStoneNewAdventure/Content/Collections/' took 0.00s
[2021.08.17-11.18.38:299][  0]LogContentBrowser: Native class hierarchy populated in 0.0114 seconds. Added 3429 classes and 826 folders.
[2021.08.17-11.18.38:303][  0]LogContentBrowser: Native class hierarchy updated for 'WidgetCarousel' in 0.0004 seconds. Added 0 classes and 0 folders.
[2021.08.17-11.18.38:393][  0]LogContentBrowser: Native class hierarchy updated for 'AddContentDialog' in 0.0005 seconds. Added 0 classes and 0 folders.
[2021.08.17-11.18.38:398][  0]LogContentBrowser: Native class hierarchy updated for 'SceneOutliner' in 0.0005 seconds. Added 2 classes and 0 folders.
[2021.08.17-11.18.38:567][  0]LogSlate: Took 0.000250 seconds to synchronously load lazily loaded font '../../../Engine/Content/Slate/Fonts/Roboto-Regular.ttf' (155K)
[2021.08.17-11.18.38:571][  0]LogSlate: Took 0.002119 seconds to synchronously load lazily loaded font '../../../Engine/Content/Editor/Slate/Fonts/NanumGothic.ttf' (4243K)
[2021.08.17-11.18.38:574][  0]LogSlate: Took 0.002087 seconds to synchronously load lazily loaded font '../../../Engine/Content/Editor/Slate/Fonts/NanumGothicBold.ttf' (4188K)
[2021.08.17-11.18.38:574][  0]LogSlate: Took 0.000265 seconds to synchronously load lazily loaded font '../../../Engine/Content/Slate/Fonts/Roboto-Bold.ttf' (160K)
[2021.08.17-11.18.38:579][  0]LogSlate: Took 0.000238 seconds to synchronously load lazily loaded font '../../../Engine/Content/Editor/Slate/Fonts/FontAwesome.ttf' (139K)
[2021.08.17-11.18.38:668][  0]LogRenderer: Reallocating scene render targets to support 1120x632 Format 10 NumSamples 1 (Frame:1).
[2021.08.17-11.18.45:027][  0]LogContentBrowser: Native class hierarchy updated for 'HierarchicalLODOutliner' in 0.0005 seconds. Added 0 classes and 0 folders.
[2021.08.17-11.18.45:027][  0]LogLoad: (Engine Initialization) Total time: 19.00 seconds
[2021.08.17-11.18.45:027][  0]LogLoad: (Engine Initialization) Total Blueprint compile time: 0.00 seconds
[2021.08.17-11.18.45:093][  0]LogAssetRegistry: Asset discovery search completed in 13.2424 seconds
[2021.08.17-11.18.45:098][  0]LogCollectionManager: Fixed up redirectors for 0 collections in 0.000003 seconds (updated 0 objects)
[2021.08.17-11.18.45:101][  0]LogContentStreaming: Texture pool size now 1000 MB
[2021.08.17-11.18.45:134][  0]LogSlate: Took 0.000279 seconds to synchronously load lazily loaded font '../../../Engine/Content/Slate/Fonts/Roboto-Light.ttf' (167K)
[2021.08.17-11.19.44:646][103]LogShaderCompilers: Display: Worker (2/3): shaders left to compile 106
[2021.08.17-11.19.48:429][107]LogShaderCompilers: Display: Worker (1/3): shaders left to compile 96
[2021.08.17-11.19.48:682][109]LogShaderCompilers: Display: Worker (3/3): shaders left to compile 86
[2021.08.17-11.20.01:713][244]LogShaderCompilers: Display: Worker (2/3): shaders left to compile 76
[2021.08.17-11.20.08:755][294]LogShaderCompilers: Display: Worker (1/3): shaders left to compile 66
[2021.08.17-11.20.11:004][321]LogShaderCompilers: Display: Worker (3/3): shaders left to compile 56
[2021.08.17-11.20.16:778][411]LogShaderCompilers: Display: Worker (2/3): shaders left to compile 46
[2021.08.17-11.20.18:427][437]LogShaderCompilers: Display: Worker (1/3): shaders left to compile 36
[2021.08.17-11.20.19:136][446]LogShaderCompilers: Display: Worker (3/3): shaders left to compile 26
[2021.08.17-11.20.26:169][562]LogShaderCompilers: Display: Worker (2/3): shaders left to compile 17
[2021.08.17-11.20.27:590][584]LogShaderCompilers: Display: Worker (1/3): shaders left to compile 11
[2021.08.17-11.20.31:175][644]LogShaderCompilers: Display: Worker (3/3): shaders left to compile 7
[2021.08.17-11.20.33:412][711]LogShaderCompilers: Display: Worker (1/3): shaders left to compile 4
[2021.08.17-11.20.33:855][725]LogShaderCompilers: Display: Worker (2/3): shaders left to compile 2
[2021.08.17-11.20.33:855][725]LogShaderCompilers: Display: Worker (3/3): shaders left to compile 1
[2021.08.17-11.20.54:692][886]LogSlate: Window '플러그인' being destroyed
[2021.08.17-11.20.54:698][886]LogSlate: Window '플러그인' being destroyed
[2021.08.17-11.20.54:698][886]LogDirectoryWatcher: A directory notification for '../../../Engine/Plugins/' was aborted.
[2021.08.17-11.23.04:196][770]MapCheck: New page: 맵 체크
[2021.08.17-11.23.04:217][770]Cmd: MAP REBUILD ALLVISIBLE
[2021.08.17-11.23.04:217][770]LogEditorServer: Rebuildmap Clear paths rebuilt
[2021.08.17-11.23.04:220][770]LogWorld: UWorld::CleanupWorld for Untitled_1, bSessionEnded=true, bCleanupResources=false
[2021.08.17-11.23.04:230][770]LogNavigationDataBuild: Display: UNavigationSystemV1::Build started...
[2021.08.17-11.23.04:230][770]LogNavigationDataBuild: Display:    Building navigation data using PHYSICS_INTERFACE_PHYSX.
[2021.08.17-11.23.04:230][770]LogNavigationDataBuild: Display:    Building navigation data using WITH_PHYSX.
[2021.08.17-11.23.04:245][770]LogUObjectHash: Compacting FUObjectHashTables data took   0.87ms
[2021.08.17-11.23.04:252][770]LogMaterial: Display: Missing cached shader map for material DebugViewMode MaterialTexCoordScale, compiling. 
[2021.08.17-11.23.04:257][770]LogMaterial: Display: Missing cached shader map for material DebugViewMode MaterialTexCoordScale, compiling. 
[2021.08.17-11.23.04:980][770]LogShaderCompilers: Display: Worker (1/3): shaders left to compile 4
[2021.08.17-11.23.04:980][770]LogShaderCompilers: Display: Worker (2/3): shaders left to compile 3
[2021.08.17-11.23.04:980][770]LogShaderCompilers: Display: Worker (3/3): shaders left to compile 2
[2021.08.17-11.23.04:980][770]LogShaderCompilers: Display: Worker (2/3): shaders left to compile 1
[2021.08.17-11.23.04:980][770]TextureStreamingBuild: Display: Compiling optional shaders took 0.733 seconds.
[2021.08.17-11.23.04:984][770]LogLevel: Display: Export Material TexCoord Scales took 0.004 seconds.
[2021.08.17-11.23.04:985][770]TextureStreamingBuild: Display: Build Texture Streaming took 0.001 seconds.
[2021.08.17-11.23.04:995][770]LogUObjectHash: Compacting FUObjectHashTables data took   0.32ms
[2021.08.17-11.23.04:999][770]LightingResults: New page: 라이팅 빌드 - 2021. 8. 18. 오전 5:23:04
[2021.08.17-11.23.05:056][770]LogSwarmInterface: [OpenConnection] Registering TCP channel ...
[2021.08.17-11.23.05:271][770]LogSwarmInterface: [OpenConnection] Connecting to agent ...
[2021.08.17-11.23.05:291][770]LogSwarmInterface: [TryOpenConnection] Testing the Agent
[2021.08.17-11.23.05:807][770]LogSwarmInterface: [TryOpenConnection] Opening Connection to Agent
[2021.08.17-11.23.05:808][770]LogSwarmInterface: [TryOpenConnection] Local Process ID is 12160
[2021.08.17-11.23.10:199][770]LogStaticLightingSystem: Warning: No importance volume found, so the scene bounding box was used.  You can optimize your scene's quality and lighting build times by adding importance volumes.
[2021.08.17-11.23.10:199][770]LogStaticLightingSystem: Running Lightmass w/ ImmediateImport mode ENABLED
[2021.08.17-11.23.10:199][770]LogStaticLightingSystem: Running Lightmass w/ ImmediateProcess mode ENABLED
[2021.08.17-11.23.10:199][770]LogStaticLightingSystem: Running Lightmass w/ Sorting mode ENABLED
[2021.08.17-11.23.10:199][770]LogStaticLightingSystem: Running Lightmass w/ Mapping paddings ENABLED
[2021.08.17-11.23.10:199][770]LogStaticLightingSystem: Running Lightmass w/ Mapping debug paddings DISABLED
[2021.08.17-11.23.10:477][770]Cmd: MAP CHECK DONTDISPLAYDIALOG
[2021.08.17-11.23.10:477][770]MapCheck: New page: Untitled_1 - 2021. 8. 18. 오전 5:23:10
[2021.08.17-11.23.10:478][770]MapCheck: 맵 체크 완료: 오류 0 회, 경고 0 회, 소요 시간 0.989ms.
[2021.08.17-11.23.10:480][770]LogEditorBuildUtils: Build time 0:06
[2021.08.17-11.23.10:493][770]LogMaterial: Display: Missing cached shader map for material FLightmassMaterialRenderer MaterialInstanceDynamic_0, compiling. 
[2021.08.17-11.23.10:495][770]LogMaterial: Display: Missing cached shader map for material FLightmassMaterialRenderer MaterialInstanceDynamic_0, compiling. 
[2021.08.17-11.23.11:241][770]LogShaderCompilers: Display: Worker (1/3): shaders left to compile 2
[2021.08.17-11.23.11:241][770]LogShaderCompilers: Display: Worker (2/3): shaders left to compile 1
[2021.08.17-11.23.11:241][770]LogShaderCompilers: Display: Worker (3/3): shaders left to compile 2
[2021.08.17-11.23.11:241][770]LogShaderCompilers: Display: Worker (2/3): shaders left to compile 1
[2021.08.17-11.23.11:372][773]LogUObjectHash: Compacting FUObjectHashTables data took   0.49ms
[2021.08.17-11.23.12:646][811]Job is a success!
[2021.08.17-11.23.12:684][812]LogSlate: Took 0.000254 seconds to synchronously load lazily loaded font '../../../Engine/Content/Slate/Fonts/Roboto-Light.ttf' (167K)
[2021.08.17-11.23.12:809][812]LogVolumetricLightmapImport: Imported Volumetric Lightmap in 0.018s
[2021.08.17-11.23.12:810][812]LogVolumetricLightmapImport:      Indirection Texture 16x16x16 = 0.0Mb
[2021.08.17-11.23.12:810][812]LogVolumetricLightmapImport:      BrickData (all levels) 0.0Mb
[2021.08.17-11.23.12:810][812]LogVolumetricLightmapImport:      Bricks at depth
[2021.08.17-11.23.12:810][812]LogVolumetricLightmapImport:          0: 16.7% covering 100.0% of volume
[2021.08.17-11.23.12:810][812]LogVolumetricLightmapImport:          1: 16.7% covering 1.6% of volume
[2021.08.17-11.23.12:810][812]LogVolumetricLightmapImport:          2: 66.7% covering 0.1% of volume
[2021.08.17-11.23.12:810][812]LogVolumetricLightmapImport:      Bricks in each level
[2021.08.17-11.23.12:810][812]LogVolumetricLightmapImport:          Untitled_1 			 6 bricks 	 100.0% (Persistent Level)
[2021.08.17-11.23.12:866][812]LogTexture: Display: 텍스처 빌드: HQ_Lightmap0_1 (AutoDXT, 256X256)
[2021.08.17-11.23.12:866][812]LogTexture: Display: 텍스처 빌드: LQ_Lightmap_0_1 (DXT1, 256X256)
[2021.08.17-11.23.12:866][812]LogTexture: Display: 텍스처 빌드: HQ_Lightmap0_2 (AutoDXT, 64X64)
[2021.08.17-11.23.12:866][812]LogTexture: Display: 텍스처 빌드: LQ_Lightmap_0_2 (DXT1, 64X64)
[2021.08.17-11.23.12:866][812]LogTexture: Display: 텍스처 빌드: ShadowMapTexture2D_1 (G8, 32X32)
[2021.08.17-11.23.12:866][812]LogTexture: Display: 텍스처 빌드: ShadowMapTexture2D_0 (G8, 128X128)
[2021.08.17-11.23.12:866][812]Lightmass on 2WINGS: 791 ms total, 173 ms importing, 12 ms setup, 64 ms photons, 476 ms processing, 0 ms extra exporting [2/2 mappings]. Threads: 1.90 sec total, 220 ms processing.
[2021.08.17-11.23.12:866][812]LogStaticLightingSystem: Untitled_1_BuiltData storing lightmap data for 2 meshes in 2 LightmapResourceClusters (1.0 Meshes per cluster).
[2021.08.17-11.23.12:878][812]LogUObjectHash: Compacting FUObjectHashTables data took   0.96ms
[2021.08.17-11.23.12:951][812]LogStaticLightingSystem: Illumination: 7.85 sec (23 ms encoding lightmaps, 5 ms encoding shadowmaps)
[2021.08.17-11.23.12:952][812]LogStaticLightingSystem: Lightmap texture memory:  0.1 MB (0.1 MB streaming, 0.0 MB non-streaming), 4 textures
[2021.08.17-11.23.12:952][812]LogStaticLightingSystem: Shadowmap texture memory: 0.0 MB (0.0 MB streaming, 0.0 MB non-streaming), 2 textures
[2021.08.17-11.23.13:199][812]DumpUnbuiltLightIteractions
[2021.08.17-11.23.13:199][812]Lights with unbuilt interactions: 0
[2021.08.17-11.23.13:199][812]
[2021.08.17-11.23.13:199][812]Primitives with unbuilt interactions: 0
[2021.08.17-11.23.13:345][813]Cmd: MAP CHECK NOTIFYRESULTS
[2021.08.17-11.23.13:346][813]MapCheck: New page: Untitled_1 - 2021. 8. 18. 오전 5:23:13
[2021.08.17-11.23.13:346][813]MapCheck: 맵 체크 완료: 오류 0 회, 경고 0 회, 소요 시간 0.694ms.
[2021.08.17-11.23.16:028][970]Candidate modules for hot reload:
[2021.08.17-11.23.16:028][970]  TheStoneNewAdventure
[2021.08.17-11.23.16:028][970]Launching UnrealBuildTool... [C:/Program Files/Epic Games/UE_4.25/Engine/Binaries/DotNET/UnrealBuildTool.exe  -ModuleWithSuffix=TheStoneNewAdventure,306 TheStoneNewAdventureEditor Win64 Development -Project="C:/Users/happl/OneDrive/Documents/GitHub/TheStone_NewAdventure/Project/TheStoneNewAdventure/TheStoneNewAdventure.uproject" "C:/Users/happl/OneDrive/Documents/GitHub/TheStone_NewAdventure/Project/TheStoneNewAdventure/TheStoneNewAdventure.uproject"  -IgnoreJunk]
[2021.08.17-11.23.16:032][970]Warning: Starting HotReload took  0.0s.
[2021.08.17-11.23.21:049][242]CompilerResultsLog: New page: 컴파일 - 2021. 8. 18. 오전 5:23:21
[2021.08.17-11.23.21:049][242]CompilerResultsLog: Creating makefile for TheStoneNewAdventureEditor (.uproject file is newer)
[2021.08.17-11.23.21:049][242]CompilerResultsLog: Building TheStoneNewAdventureEditor...
[2021.08.17-11.23.21:049][242]CompilerResultsLog: Using Visual Studio 2019 14.28.29335 toolchain (C:\Program Files (x86)\Microsoft Visual Studio\2019\Community\VC\Tools\MSVC\14.28.29333) and Windows 10.0.18362.0 SDK (C:\Program Files (x86)\Windows Kits\10).
[2021.08.17-11.23.21:049][242]CompilerResultsLog: Building 3 actions with 4 processes...
[2021.08.17-11.23.21:049][242]CompilerResultsLog:   [1/3] UE4Editor-TheStoneNewAdventure-0306.lib
[2021.08.17-11.23.21:049][242]CompilerResultsLog:      C:\Users\happl\OneDrive\Documents\GitHub\TheStone_NewAdventure\Project\TheStoneNewAdventure\Intermediate\Build\Win64\UE4Editor\Development\TheStoneNewAdventure\UE4Editor-TheStoneNewAdventure-0306.lib ???̺귯?? ?? C:\Users\happl\OneDrive\Documents\GitHub\TheStone_NewAdventure\Project\TheStoneNewAdventure\Intermediate\Build\Win64\UE4Editor\Development\TheStoneNewAdventure\UE4Editor-TheStoneNewAdventure-0306.exp ??ü?? ?????ϰ? ?ֽ??ϴ?.
[2021.08.17-11.23.21:049][242]CompilerResultsLog:   [2/3] UE4Editor-TheStoneNewAdventure-0306.dll
[2021.08.17-11.23.21:049][242]CompilerResultsLog:      C:\Users\happl\OneDrive\Documents\GitHub\TheStone_NewAdventure\Project\TheStoneNewAdventure\Intermediate\Build\Win64\UE4Editor\Development\TheStoneNewAdventure\UE4Editor-TheStoneNewAdventure-0306.suppressed.lib ???̺귯?? ?? C:\Users\happl\OneDrive\Documents\GitHub\TheStone_NewAdventure\Project\TheStoneNewAdventure\Intermediate\Build\Win64\UE4Editor\Development\TheStoneNewAdventure\UE4Editor-TheStoneNewAdventure-0306.suppressed.exp ??ü?? ?????ϰ? ?ֽ??ϴ?.
[2021.08.17-11.23.21:049][242]CompilerResultsLog:   [3/3] TheStoneNewAdventureEditor.target
[2021.08.17-11.23.21:049][242]CompilerResultsLog: Total time in Parallel executor: 1.49 seconds
[2021.08.17-11.23.21:049][242]CompilerResultsLog: Total execution time: 4.86 seconds
[2021.08.17-11.23.21:049][242]LogMainFrame: MainFrame: Module compiling took 5.027 seconds
[2021.08.17-11.23.21:073][242]LogContentBrowser: Native class hierarchy populated in 0.0129 seconds. Added 3429 classes and 826 folders.
[2021.08.17-11.23.21:073][242]Display: HotReload took  5.1s.
